<?xml version="1.0" encoding="UTF-8"?>
<testsuite name="ColorTest" tests="1" skipped="0" failures="0" errors="0" timestamp="2020-04-08T18:34:58" hostname="CRED-4GB97Z2" time="0.003">
  <properties/>
  <testcase name="it creates a Person with a lastName" classname="ColorTest" time="0.003"/>
  <system-out><![CDATA[]]></system-out>
  <system-err><![CDATA[]]></system-err>
</testsuite>
